<?xml version="1.0" encoding="UTF-8"?>
<testsuite xmlns:xsi="http://www.w3.org/2001/XMLSchema-instance" xsi:noNamespaceSchemaLocation="https://maven.apache.org/surefire/maven-surefire-plugin/xsd/surefire-test-report.xsd" version="3.0.2" name="lipid.ElutionOrderTest" time="0.286" tests="9" errors="0" skipped="0" failures="0">
  <properties>
    <property name="java.specification.version" value="23"/>
    <property name="sun.jnu.encoding" value="UTF-8"/>
    <property name="java.class.path" value="/Users/martaplaza/Desktop/universidad/QUINTO/segundo cuatri/DSS/lcms-practice-martapgpozuelo/target/test-classes:/Users/martaplaza/Desktop/universidad/QUINTO/segundo cuatri/DSS/lcms-practice-martapgpozuelo/target/classes:/Users/martaplaza/.m2/repository/org/drools/drools-ruleunits-engine/10.0.0/drools-ruleunits-engine-10.0.0.jar:/Users/martaplaza/.m2/repository/org/drools/drools-ruleunits-dsl/10.0.0/drools-ruleunits-dsl-10.0.0.jar:/Users/martaplaza/.m2/repository/org/drools/drools-canonical-model/10.0.0/drools-canonical-model-10.0.0.jar:/Users/martaplaza/.m2/repository/org/drools/drools-model-compiler/10.0.0/drools-model-compiler-10.0.0.jar:/Users/martaplaza/.m2/repository/org/kie/kie-util-maven-support/10.0.0/kie-util-maven-support-10.0.0.jar:/Users/martaplaza/.m2/repository/org/drools/drools-core/10.0.0/drools-core-10.0.0.jar:/Users/martaplaza/.m2/repository/org/kie/kie-util-xml/10.0.0/kie-util-xml-10.0.0.jar:/Users/martaplaza/.m2/repository/org/drools/drools-base/10.0.0/drools-base-10.0.0.jar:/Users/martaplaza/.m2/repository/org/drools/drools-wiring-static/10.0.0/drools-wiring-static-10.0.0.jar:/Users/martaplaza/.m2/repository/org/drools/drools-io/10.0.0/drools-io-10.0.0.jar:/Users/martaplaza/.m2/repository/commons-codec/commons-codec/1.16.1/commons-codec-1.16.1.jar:/Users/martaplaza/.m2/repository/org/drools/drools-compiler/10.0.0/drools-compiler-10.0.0.jar:/Users/martaplaza/.m2/repository/org/drools/drools-drl-parser/10.0.0/drools-drl-parser-10.0.0.jar:/Users/martaplaza/.m2/repository/org/drools/drools-drl-extensions/10.0.0/drools-drl-extensions-10.0.0.jar:/Users/martaplaza/.m2/repository/org/drools/drools-drl-ast/10.0.0/drools-drl-ast-10.0.0.jar:/Users/martaplaza/.m2/repository/org/drools/drools-kiesession/10.0.0/drools-kiesession-10.0.0.jar:/Users/martaplaza/.m2/repository/org/drools/drools-ecj/10.0.0/drools-ecj-10.0.0.jar:/Users/martaplaza/.m2/repository/org/eclipse/jdt/ecj/3.33.0/ecj-3.33.0.jar:/Users/martaplaza/.m2/repository/org/antlr/antlr-runtime/3.5.2/antlr-runtime-3.5.2.jar:/Users/martaplaza/.m2/repository/org/drools/drools-ruleunits-impl/10.0.0/drools-ruleunits-impl-10.0.0.jar:/Users/martaplaza/.m2/repository/org/drools/drools-ruleunits-api/10.0.0/drools-ruleunits-api-10.0.0.jar:/Users/martaplaza/.m2/repository/org/drools/drools-model-codegen/10.0.0/drools-model-codegen-10.0.0.jar:/Users/martaplaza/.m2/repository/org/drools/drools-codegen-common/10.0.0/drools-codegen-common-10.0.0.jar:/Users/martaplaza/.m2/repository/org/drools/drools-model-prototype/10.0.0/drools-model-prototype-10.0.0.jar:/Users/martaplaza/.m2/repository/com/github/javaparser/javaparser-core/3.25.8/javaparser-core-3.25.8.jar:/Users/martaplaza/.m2/repository/org/drools/drools-mvel-parser/10.0.0/drools-mvel-parser-10.0.0.jar:/Users/martaplaza/.m2/repository/org/drools/drools-mvel-compiler/10.0.0/drools-mvel-compiler-10.0.0.jar:/Users/martaplaza/.m2/repository/junit/junit/4.13.2/junit-4.13.2.jar:/Users/martaplaza/.m2/repository/org/hamcrest/hamcrest-core/1.3/hamcrest-core-1.3.jar:/Users/martaplaza/.m2/repository/org/slf4j/slf4j-api/2.0.17/slf4j-api-2.0.17.jar:/Users/martaplaza/.m2/repository/ch/qos/logback/logback-classic/1.5.17/logback-classic-1.5.17.jar:/Users/martaplaza/.m2/repository/ch/qos/logback/logback-core/1.5.17/logback-core-1.5.17.jar:/Users/martaplaza/.m2/repository/org/drools/drools-wiring-dynamic/10.0.0/drools-wiring-dynamic-10.0.0.jar:/Users/martaplaza/.m2/repository/org/drools/drools-wiring-api/10.0.0/drools-wiring-api-10.0.0.jar:/Users/martaplaza/.m2/repository/org/kie/kie-memory-compiler/10.0.0/kie-memory-compiler-10.0.0.jar:/Users/martaplaza/.m2/repository/org/drools/drools-util/10.0.0/drools-util-10.0.0.jar:/Users/martaplaza/.m2/repository/org/kie/kie-api/10.0.0/kie-api-10.0.0.jar:/Users/martaplaza/.m2/repository/org/kie/kie-internal/10.0.0/kie-internal-10.0.0.jar:"/>
    <property name="java.vm.vendor" value="Oracle Corporation"/>
    <property name="sun.arch.data.model" value="64"/>
    <property name="java.vendor.url" value="https://java.oracle.com/"/>
    <property name="os.name" value="Mac OS X"/>
    <property name="java.vm.specification.version" value="23"/>
    <property name="sun.java.launcher" value="SUN_STANDARD"/>
    <property name="user.country" value="ES"/>
    <property name="sun.boot.library.path" value="/Users/martaplaza/Library/Java/JavaVirtualMachines/openjdk-23.0.2/Contents/Home/lib"/>
    <property name="sun.java.command" value="/Users/martaplaza/Desktop/universidad/QUINTO/segundo cuatri/DSS/lcms-practice-martapgpozuelo/target/surefire/surefirebooter-20250517220528493_3.jar /Users/martaplaza/Desktop/universidad/QUINTO/segundo cuatri/DSS/lcms-practice-martapgpozuelo/target/surefire 2025-05-17T22-05-28_453-jvmRun1 surefire-20250517220528493_1tmp surefire_0-20250517220528493_2tmp"/>
    <property name="http.nonProxyHosts" value="local|*.local|169.254/16|*.169.254/16"/>
    <property name="jdk.debug" value="release"/>
    <property name="surefire.test.class.path" value="/Users/martaplaza/Desktop/universidad/QUINTO/segundo cuatri/DSS/lcms-practice-martapgpozuelo/target/test-classes:/Users/martaplaza/Desktop/universidad/QUINTO/segundo cuatri/DSS/lcms-practice-martapgpozuelo/target/classes:/Users/martaplaza/.m2/repository/org/drools/drools-ruleunits-engine/10.0.0/drools-ruleunits-engine-10.0.0.jar:/Users/martaplaza/.m2/repository/org/drools/drools-ruleunits-dsl/10.0.0/drools-ruleunits-dsl-10.0.0.jar:/Users/martaplaza/.m2/repository/org/drools/drools-canonical-model/10.0.0/drools-canonical-model-10.0.0.jar:/Users/martaplaza/.m2/repository/org/drools/drools-model-compiler/10.0.0/drools-model-compiler-10.0.0.jar:/Users/martaplaza/.m2/repository/org/kie/kie-util-maven-support/10.0.0/kie-util-maven-support-10.0.0.jar:/Users/martaplaza/.m2/repository/org/drools/drools-core/10.0.0/drools-core-10.0.0.jar:/Users/martaplaza/.m2/repository/org/kie/kie-util-xml/10.0.0/kie-util-xml-10.0.0.jar:/Users/martaplaza/.m2/repository/org/drools/drools-base/10.0.0/drools-base-10.0.0.jar:/Users/martaplaza/.m2/repository/org/drools/drools-wiring-static/10.0.0/drools-wiring-static-10.0.0.jar:/Users/martaplaza/.m2/repository/org/drools/drools-io/10.0.0/drools-io-10.0.0.jar:/Users/martaplaza/.m2/repository/commons-codec/commons-codec/1.16.1/commons-codec-1.16.1.jar:/Users/martaplaza/.m2/repository/org/drools/drools-compiler/10.0.0/drools-compiler-10.0.0.jar:/Users/martaplaza/.m2/repository/org/drools/drools-drl-parser/10.0.0/drools-drl-parser-10.0.0.jar:/Users/martaplaza/.m2/repository/org/drools/drools-drl-extensions/10.0.0/drools-drl-extensions-10.0.0.jar:/Users/martaplaza/.m2/repository/org/drools/drools-drl-ast/10.0.0/drools-drl-ast-10.0.0.jar:/Users/martaplaza/.m2/repository/org/drools/drools-kiesession/10.0.0/drools-kiesession-10.0.0.jar:/Users/martaplaza/.m2/repository/org/drools/drools-ecj/10.0.0/drools-ecj-10.0.0.jar:/Users/martaplaza/.m2/repository/org/eclipse/jdt/ecj/3.33.0/ecj-3.33.0.jar:/Users/martaplaza/.m2/repository/org/antlr/antlr-runtime/3.5.2/antlr-runtime-3.5.2.jar:/Users/martaplaza/.m2/repository/org/drools/drools-ruleunits-impl/10.0.0/drools-ruleunits-impl-10.0.0.jar:/Users/martaplaza/.m2/repository/org/drools/drools-ruleunits-api/10.0.0/drools-ruleunits-api-10.0.0.jar:/Users/martaplaza/.m2/repository/org/drools/drools-model-codegen/10.0.0/drools-model-codegen-10.0.0.jar:/Users/martaplaza/.m2/repository/org/drools/drools-codegen-common/10.0.0/drools-codegen-common-10.0.0.jar:/Users/martaplaza/.m2/repository/org/drools/drools-model-prototype/10.0.0/drools-model-prototype-10.0.0.jar:/Users/martaplaza/.m2/repository/com/github/javaparser/javaparser-core/3.25.8/javaparser-core-3.25.8.jar:/Users/martaplaza/.m2/repository/org/drools/drools-mvel-parser/10.0.0/drools-mvel-parser-10.0.0.jar:/Users/martaplaza/.m2/repository/org/drools/drools-mvel-compiler/10.0.0/drools-mvel-compiler-10.0.0.jar:/Users/martaplaza/.m2/repository/junit/junit/4.13.2/junit-4.13.2.jar:/Users/martaplaza/.m2/repository/org/hamcrest/hamcrest-core/1.3/hamcrest-core-1.3.jar:/Users/martaplaza/.m2/repository/org/slf4j/slf4j-api/2.0.17/slf4j-api-2.0.17.jar:/Users/martaplaza/.m2/repository/ch/qos/logback/logback-classic/1.5.17/logback-classic-1.5.17.jar:/Users/martaplaza/.m2/repository/ch/qos/logback/logback-core/1.5.17/logback-core-1.5.17.jar:/Users/martaplaza/.m2/repository/org/drools/drools-wiring-dynamic/10.0.0/drools-wiring-dynamic-10.0.0.jar:/Users/martaplaza/.m2/repository/org/drools/drools-wiring-api/10.0.0/drools-wiring-api-10.0.0.jar:/Users/martaplaza/.m2/repository/org/kie/kie-memory-compiler/10.0.0/kie-memory-compiler-10.0.0.jar:/Users/martaplaza/.m2/repository/org/drools/drools-util/10.0.0/drools-util-10.0.0.jar:/Users/martaplaza/.m2/repository/org/kie/kie-api/10.0.0/kie-api-10.0.0.jar:/Users/martaplaza/.m2/repository/org/kie/kie-internal/10.0.0/kie-internal-10.0.0.jar:"/>
    <property name="sun.cpu.endian" value="little"/>
    <property name="user.home" value="/Users/martaplaza"/>
    <property name="user.language" value="es"/>
    <property name="java.specification.vendor" value="Oracle Corporation"/>
    <property name="java.version.date" value="2025-01-21"/>
    <property name="java.home" value="/Users/martaplaza/Library/Java/JavaVirtualMachines/openjdk-23.0.2/Contents/Home"/>
    <property name="file.separator" value="/"/>
    <property name="basedir" value="/Users/martaplaza/Desktop/universidad/QUINTO/segundo cuatri/DSS/lcms-practice-martapgpozuelo"/>
    <property name="java.vm.compressedOopsMode" value="Zero based"/>
    <property name="line.separator" value="&#10;"/>
    <property name="java.vm.specification.vendor" value="Oracle Corporation"/>
    <property name="java.specification.name" value="Java Platform API Specification"/>
    <property name="apple.awt.application.name" value="ForkedBooter"/>
    <property name="surefire.real.class.path" value="/Users/martaplaza/Desktop/universidad/QUINTO/segundo cuatri/DSS/lcms-practice-martapgpozuelo/target/surefire/surefirebooter-20250517220528493_3.jar"/>
    <property name="sun.management.compiler" value="HotSpot 64-Bit Tiered Compilers"/>
    <property name="ftp.nonProxyHosts" value="local|*.local|169.254/16|*.169.254/16"/>
    <property name="java.runtime.version" value="23.0.2+7-58"/>
    <property name="user.name" value="martaplaza"/>
    <property name="stdout.encoding" value="UTF-8"/>
    <property name="path.separator" value=":"/>
    <property name="os.version" value="15.4.1"/>
    <property name="java.runtime.name" value="OpenJDK Runtime Environment"/>
    <property name="file.encoding" value="UTF-8"/>
    <property name="java.vm.name" value="OpenJDK 64-Bit Server VM"/>
    <property name="localRepository" value="/Users/martaplaza/.m2/repository"/>
    <property name="java.vendor.url.bug" value="https://bugreport.java.com/bugreport/"/>
    <property name="java.io.tmpdir" value="/var/folders/dn/z02jzqrx5xn438kvhrmpnzl80000gp/T/"/>
    <property name="idea.version" value="2024.3.5"/>
    <property name="java.version" value="23.0.2"/>
    <property name="user.dir" value="/Users/martaplaza/Desktop/universidad/QUINTO/segundo cuatri/DSS/lcms-practice-martapgpozuelo"/>
    <property name="os.arch" value="aarch64"/>
    <property name="java.vm.specification.name" value="Java Virtual Machine Specification"/>
    <property name="native.encoding" value="UTF-8"/>
    <property name="java.library.path" value="/Users/martaplaza/Library/Java/Extensions:/Library/Java/Extensions:/Network/Library/Java/Extensions:/System/Library/Java/Extensions:/usr/lib/java:."/>
    <property name="java.vm.info" value="mixed mode, sharing"/>
    <property name="stderr.encoding" value="UTF-8"/>
    <property name="java.vendor" value="Oracle Corporation"/>
    <property name="java.vm.version" value="23.0.2+7-58"/>
    <property name="sun.io.unicode.encoding" value="UnicodeBig"/>
    <property name="socksNonProxyHosts" value="local|*.local|169.254/16|*.169.254/16"/>
    <property name="java.class.version" value="67.0"/>
  </properties>
  <testcase name="score1BasedOnRTCarbonNumbers" classname="lipid.ElutionOrderTest" time="0.243">
    <system-out><![CDATA[2025-05-17 22:05:28,790 [main] INFO  Creating RuleUnit
2025-05-17 22:05:28,910 [main] INFO  Insert data
2025-05-17 22:05:28,913 [main] INFO  Run query. Rules are also fired
Scored 1 for annotations: Annotation(TG 54:3, mz=885,7906, RT=10,00, adduct=null, intensity=10000000,0, score=1) and Annotation(TG 56:3, mz=913,8220, RT=11,00, adduct=null, intensity=1000000,0, score=1)
Scored 1 for annotations: Annotation(TG 52:3, mz=857,7593, RT=9,00, adduct=null, intensity=100000000,0, score=1) and Annotation(TG 54:3, mz=885,7906, RT=10,00, adduct=null, intensity=10000000,0, score=2)
Scored 1 for annotations: Annotation(TG 52:3, mz=857,7593, RT=9,00, adduct=null, intensity=100000000,0, score=2) and Annotation(TG 56:3, mz=913,8220, RT=11,00, adduct=null, intensity=1000000,0, score=2)
]]></system-out>
  </testcase>
  <testcase name="negativeScoreBasedOnNoExistentLipidType" classname="lipid.ElutionOrderTest" time="0.001">
    <system-out><![CDATA[2025-05-17 22:05:28,929 [main] INFO  Creating RuleUnit
2025-05-17 22:05:28,929 [main] INFO  Insert data
2025-05-17 22:05:28,929 [main] INFO  Run query. Rules are also fired
Comparando: PG (0) vs PC (5)
Esta comprobacion da mal
Comparando: FA (null) vs PC (5)
Comparando: FA (null) vs PG (0)
Comparando: PC (5) vs PG (0)
Esta comprobacion da bien
Comparando: PC (5) vs FA (null)
Comparando: PG (0) vs FA (null)
Scored 1 for annotations: Annotation(PG 34:0, mz=751,5484, RT=9,00, adduct=null, intensity=100000000,0, score=-1) and Annotation(PC 34:0, mz=913,8220, RT=8,00, adduct=null, intensity=1000000,0, score=-1)
]]></system-out>
    <system-err><![CDATA[Uno de los tipos de lípido no está en la lista válida.
Uno de los tipos de lípido no está en la lista válida.
Uno de los tipos de lípido no está en la lista válida.
Uno de los tipos de lípido no está en la lista válida.
]]></system-err>
  </testcase>
  <testcase name="negativeScoreBasedOnRTNumberOfCarbons" classname="lipid.ElutionOrderTest" time="0.003">
    <system-out><![CDATA[2025-05-17 22:05:28,932 [main] INFO  Creating RuleUnit
2025-05-17 22:05:28,932 [main] INFO  Insert data
2025-05-17 22:05:28,933 [main] INFO  Run query. Rules are also fired
Comparando: PG (0) vs PC (5)
Esta comprobacion da mal
Comparando: PI (2) vs PC (5)
Esta comprobacion da mal
Comparando: PI (2) vs PG (0)
Esta comprobacion da bien
Scored 1 for annotations: Annotation(PG 34:0, mz=751,5484, RT=9,00, adduct=null, intensity=100000000,0, score=1) and Annotation(PI 34:0, mz=839,5644, RT=10,00, adduct=null, intensity=10000000,0, score=1)
Comparando: PC (5) vs PG (0)
Esta comprobacion da bien
Comparando: PC (5) vs PI (2)
Esta comprobacion da bien
Comparando: PG (0) vs PI (2)
Esta comprobacion da mal
Scored 1 for annotations: Annotation(PI 34:0, mz=839,5644, RT=10,00, adduct=null, intensity=10000000,0, score=0) and Annotation(PC 34:0, mz=913,8220, RT=8,00, adduct=null, intensity=1000000,0, score=-1)
Scored 1 for annotations: Annotation(PG 34:0, mz=751,5484, RT=9,00, adduct=null, intensity=100000000,0, score=0) and Annotation(PC 34:0, mz=913,8220, RT=8,00, adduct=null, intensity=1000000,0, score=-2)
]]></system-out>
  </testcase>
  <testcase name="negativeScoreBasedOnRTDoubleBonds" classname="lipid.ElutionOrderTest" time="0.001">
    <system-out><![CDATA[2025-05-17 22:05:28,935 [main] INFO  Creating RuleUnit
2025-05-17 22:05:28,935 [main] INFO  Insert data
2025-05-17 22:05:28,935 [main] INFO  Run query. Rules are also fired
Scored 1 for annotations: Annotation(TG 54:4, mz=883,7749, RT=9,00, adduct=null, intensity=100000000,0, score=1) and Annotation(TG 54:3, mz=885,7906, RT=10,00, adduct=null, intensity=10000000,0, score=1)
Scored 1 for annotations: Annotation(TG 54:3, mz=885,7906, RT=10,00, adduct=null, intensity=10000000,0, score=0) and Annotation(TG 54:2, mz=887,8062, RT=8,00, adduct=null, intensity=1000000,0, score=-1)
Scored 1 for annotations: Annotation(TG 54:4, mz=883,7749, RT=9,00, adduct=null, intensity=100000000,0, score=0) and Annotation(TG 54:2, mz=887,8062, RT=8,00, adduct=null, intensity=1000000,0, score=-2)
]]></system-out>
  </testcase>
  <testcase name="score1BasedOnRT" classname="lipid.ElutionOrderTest" time="0.001">
    <system-out><![CDATA[2025-05-17 22:05:28,937 [main] INFO  Creating RuleUnit
2025-05-17 22:05:28,937 [main] INFO  Insert data
2025-05-17 22:05:28,937 [main] INFO  Run query. Rules are also fired
Scored 1 for annotations: Annotation(TG 54:3, mz=885,7906, RT=10,00, adduct=null, intensity=10000000,0, score=1) and Annotation(TG 56:3, mz=913,8220, RT=11,00, adduct=null, intensity=1000000,0, score=1)
Scored 1 for annotations: Annotation(TG 52:3, mz=857,7593, RT=9,00, adduct=null, intensity=100000000,0, score=1) and Annotation(TG 54:3, mz=885,7906, RT=10,00, adduct=null, intensity=10000000,0, score=2)
Scored 1 for annotations: Annotation(TG 52:3, mz=857,7593, RT=9,00, adduct=null, intensity=100000000,0, score=2) and Annotation(TG 56:3, mz=913,8220, RT=11,00, adduct=null, intensity=1000000,0, score=2)
]]></system-out>
  </testcase>
  <testcase name="score1BasedOnLipidTypeMultiple" classname="lipid.ElutionOrderTest" time="0.008">
    <system-out><![CDATA[2025-05-17 22:05:28,938 [main] INFO  Creating RuleUnit
2025-05-17 22:05:28,939 [main] INFO  Insert data
2025-05-17 22:05:28,939 [main] INFO  Run query. Rules are also fired
Comparando: PC (5) vs PC (5)
Esta comprobacion da mal
Comparando: PS (4) vs PC (5)
Esta comprobacion da mal
Comparando: PA (3) vs PC (5)
Esta comprobacion da mal
Comparando: PI (2) vs PC (5)
Esta comprobacion da mal
Comparando: PE (1) vs PC (5)
Esta comprobacion da mal
Comparando: PG (0) vs PC (5)
Esta comprobacion da mal
Comparando: PC (5) vs PS (4)
Esta comprobacion da bien
Comparando: PC (5) vs PA (3)
Esta comprobacion da bien
Comparando: PS (4) vs PA (3)
Esta comprobacion da bien
Comparando: PC (5) vs PI (2)
Esta comprobacion da bien
Comparando: PS (4) vs PI (2)
Esta comprobacion da bien
Comparando: PA (3) vs PI (2)
Esta comprobacion da bien
Comparando: PC (5) vs PE (1)
Esta comprobacion da bien
Comparando: PS (4) vs PE (1)
Esta comprobacion da bien
Comparando: PA (3) vs PE (1)
Esta comprobacion da bien
Comparando: PI (2) vs PE (1)
Esta comprobacion da bien
Comparando: PC (5) vs PG (0)
Esta comprobacion da bien
Comparando: PS (4) vs PG (0)
Esta comprobacion da bien
Comparando: PA (3) vs PG (0)
Esta comprobacion da bien
Comparando: PI (2) vs PG (0)
Esta comprobacion da bien
Comparando: PE (1) vs PG (0)
Esta comprobacion da bien
Scored 1 for annotations: Annotation(PI 34:0, mz=839,5644, RT=10,00, adduct=null, intensity=10000000,0, score=1) and Annotation(PE 34:0, mz=751,5484, RT=11,00, adduct=null, intensity=100000000,0, score=1)
Scored 1 for annotations: Annotation(PI 34:0, mz=839,5644, RT=10,00, adduct=null, intensity=10000000,0, score=2) and Annotation(PI 34:0, mz=913,8220, RT=12,00, adduct=null, intensity=1000000,0, score=1)
Scored 1 for annotations: Annotation(PI 34:0, mz=839,5644, RT=10,00, adduct=null, intensity=10000000,0, score=3) and Annotation(PA 34:0, mz=839,5644, RT=13,00, adduct=null, intensity=10000000,0, score=1)
Scored 1 for annotations: Annotation(PI 34:0, mz=839,5644, RT=10,00, adduct=null, intensity=10000000,0, score=4) and Annotation(PS 34:0, mz=751,5484, RT=14,00, adduct=null, intensity=100000000,0, score=1)
Scored 1 for annotations: Annotation(PI 34:0, mz=839,5644, RT=10,00, adduct=null, intensity=10000000,0, score=5) and Annotation(PC 34:0, mz=913,8220, RT=17,00, adduct=null, intensity=1000000,0, score=1)
Scored 1 for annotations: Annotation(PE 34:0, mz=751,5484, RT=11,00, adduct=null, intensity=100000000,0, score=2) and Annotation(PI 34:0, mz=913,8220, RT=12,00, adduct=null, intensity=1000000,0, score=2)
Scored 1 for annotations: Annotation(PE 34:0, mz=751,5484, RT=11,00, adduct=null, intensity=100000000,0, score=3) and Annotation(PA 34:0, mz=839,5644, RT=13,00, adduct=null, intensity=10000000,0, score=2)
Scored 1 for annotations: Annotation(PE 34:0, mz=751,5484, RT=11,00, adduct=null, intensity=100000000,0, score=4) and Annotation(PS 34:0, mz=751,5484, RT=14,00, adduct=null, intensity=100000000,0, score=2)
Scored 1 for annotations: Annotation(PE 34:0, mz=751,5484, RT=11,00, adduct=null, intensity=100000000,0, score=5) and Annotation(PC 34:0, mz=913,8220, RT=17,00, adduct=null, intensity=1000000,0, score=2)
Scored 1 for annotations: Annotation(PI 34:0, mz=913,8220, RT=12,00, adduct=null, intensity=1000000,0, score=3) and Annotation(PA 34:0, mz=839,5644, RT=13,00, adduct=null, intensity=10000000,0, score=3)
Scored 1 for annotations: Annotation(PI 34:0, mz=913,8220, RT=12,00, adduct=null, intensity=1000000,0, score=4) and Annotation(PS 34:0, mz=751,5484, RT=14,00, adduct=null, intensity=100000000,0, score=3)
Scored 1 for annotations: Annotation(PI 34:0, mz=913,8220, RT=12,00, adduct=null, intensity=1000000,0, score=5) and Annotation(PC 34:0, mz=913,8220, RT=17,00, adduct=null, intensity=1000000,0, score=3)
Scored 1 for annotations: Annotation(PA 34:0, mz=839,5644, RT=13,00, adduct=null, intensity=10000000,0, score=4) and Annotation(PS 34:0, mz=751,5484, RT=14,00, adduct=null, intensity=100000000,0, score=4)
Scored 1 for annotations: Annotation(PA 34:0, mz=839,5644, RT=13,00, adduct=null, intensity=10000000,0, score=5) and Annotation(PC 34:0, mz=913,8220, RT=17,00, adduct=null, intensity=1000000,0, score=4)
Scored 1 for annotations: Annotation(PS 34:0, mz=751,5484, RT=14,00, adduct=null, intensity=100000000,0, score=5) and Annotation(PC 34:0, mz=913,8220, RT=17,00, adduct=null, intensity=1000000,0, score=5)
Comparando: PC (5) vs PC (5)
Esta comprobacion da mal
Comparando: PS (4) vs PC (5)
Esta comprobacion da mal
Comparando: PA (3) vs PC (5)
Esta comprobacion da mal
Comparando: PI (2) vs PC (5)
Esta comprobacion da mal
Comparando: PE (1) vs PC (5)
Esta comprobacion da mal
Comparando: PG (0) vs PC (5)
Esta comprobacion da mal
Comparando: PC (5) vs PS (4)
Esta comprobacion da bien
Comparando: PA (3) vs PS (4)
Esta comprobacion da mal
Comparando: PI (2) vs PS (4)
Esta comprobacion da mal
Comparando: PE (1) vs PS (4)
Esta comprobacion da mal
Comparando: PG (0) vs PS (4)
Esta comprobacion da mal
Comparando: PC (5) vs PA (3)
Esta comprobacion da bien
Comparando: PI (2) vs PA (3)
Esta comprobacion da mal
Comparando: PE (1) vs PA (3)
Esta comprobacion da mal
Comparando: PG (0) vs PA (3)
Esta comprobacion da mal
Comparando: PC (5) vs PI (2)
Esta comprobacion da bien
Comparando: PE (1) vs PI (2)
Esta comprobacion da mal
Comparando: PG (0) vs PI (2)
Esta comprobacion da mal
Comparando: PC (5) vs PE (1)
Esta comprobacion da bien
Comparando: PG (0) vs PE (1)
Esta comprobacion da mal
Comparando: PC (5) vs PG (0)
Esta comprobacion da bien
Scored 1 for annotations: Annotation(PI 34:0, mz=839,5644, RT=10,00, adduct=null, intensity=10000000,0, score=4) and Annotation(PC 34:0, mz=913,8220, RT=1,00, adduct=null, intensity=1000000,0, score=-1)
Scored 1 for annotations: Annotation(PE 34:0, mz=751,5484, RT=11,00, adduct=null, intensity=100000000,0, score=4) and Annotation(PC 34:0, mz=913,8220, RT=1,00, adduct=null, intensity=1000000,0, score=-2)
Scored 1 for annotations: Annotation(PI 34:0, mz=913,8220, RT=12,00, adduct=null, intensity=1000000,0, score=4) and Annotation(PC 34:0, mz=913,8220, RT=1,00, adduct=null, intensity=1000000,0, score=-3)
Scored 1 for annotations: Annotation(PA 34:0, mz=839,5644, RT=13,00, adduct=null, intensity=10000000,0, score=4) and Annotation(PC 34:0, mz=913,8220, RT=1,00, adduct=null, intensity=1000000,0, score=-4)
Scored 1 for annotations: Annotation(PS 34:0, mz=751,5484, RT=14,00, adduct=null, intensity=100000000,0, score=4) and Annotation(PC 34:0, mz=913,8220, RT=1,00, adduct=null, intensity=1000000,0, score=-5)
score for annotation 7 : -1.0
score for annotation 1: 0.6666666666666666
score for annotation 2: 0.6666666666666666
score for annotation 3: 0.6666666666666666
score for annotation 4: 0.6666666666666666
score for annotation 5: 0.6666666666666666
score for annotation 6: 1.0
]]></system-out>
  </testcase>
  <testcase name="score1BasedOnRTDoubleBonds" classname="lipid.ElutionOrderTest" time="0.0">
    <system-out><![CDATA[2025-05-17 22:05:28,944 [main] INFO  Creating RuleUnit
2025-05-17 22:05:28,944 [main] INFO  Insert data
2025-05-17 22:05:28,944 [main] INFO  Run query. Rules are also fired
Scored 1 for annotations: Annotation(TG 54:3, mz=885,7906, RT=10,00, adduct=null, intensity=10000000,0, score=1) and Annotation(TG 54:2, mz=887,8062, RT=11,00, adduct=null, intensity=1000000,0, score=1)
Scored 1 for annotations: Annotation(TG 54:4, mz=883,7749, RT=9,00, adduct=null, intensity=100000000,0, score=1) and Annotation(TG 54:3, mz=885,7906, RT=10,00, adduct=null, intensity=10000000,0, score=2)
Scored 1 for annotations: Annotation(TG 54:4, mz=883,7749, RT=9,00, adduct=null, intensity=100000000,0, score=2) and Annotation(TG 54:2, mz=887,8062, RT=11,00, adduct=null, intensity=1000000,0, score=2)
]]></system-out>
  </testcase>
  <testcase name="negativeScoreBasedOnLipidType" classname="lipid.ElutionOrderTest" time="0.001">
    <system-out><![CDATA[2025-05-17 22:05:28,945 [main] INFO  Creating RuleUnit
2025-05-17 22:05:28,946 [main] INFO  Insert data
2025-05-17 22:05:28,946 [main] INFO  Run query. Rules are also fired
Scored 1 for annotations: Annotation(TG 52:3, mz=857,7593, RT=9,00, adduct=null, intensity=100000000,0, score=1) and Annotation(TG 54:3, mz=885,7906, RT=10,00, adduct=null, intensity=10000000,0, score=1)
Scored 1 for annotations: Annotation(TG 54:3, mz=885,7906, RT=10,00, adduct=null, intensity=10000000,0, score=0) and Annotation(TG 56:3, mz=913,8220, RT=8,00, adduct=null, intensity=1000000,0, score=-1)
Scored 1 for annotations: Annotation(TG 52:3, mz=857,7593, RT=9,00, adduct=null, intensity=100000000,0, score=0) and Annotation(TG 56:3, mz=913,8220, RT=8,00, adduct=null, intensity=1000000,0, score=-2)
]]></system-out>
  </testcase>
  <testcase name="score1BasedOnLipidType" classname="lipid.ElutionOrderTest" time="0.002">
    <system-out><![CDATA[2025-05-17 22:05:28,948 [main] INFO  Creating RuleUnit
2025-05-17 22:05:28,948 [main] INFO  Insert data
2025-05-17 22:05:28,948 [main] INFO  Run query. Rules are also fired
Comparando: PC (5) vs PG (0)
Esta comprobacion da bien
Comparando: PI (2) vs PG (0)
Esta comprobacion da bien
Comparando: PC (5) vs PI (2)
Esta comprobacion da bien
Scored 1 for annotations: Annotation(PI 34:0, mz=839,5644, RT=10,00, adduct=null, intensity=10000000,0, score=1) and Annotation(PC 34:0, mz=913,8220, RT=11,00, adduct=null, intensity=1000000,0, score=1)
Scored 1 for annotations: Annotation(PG 34:0, mz=751,5484, RT=9,00, adduct=null, intensity=100000000,0, score=1) and Annotation(PI 34:0, mz=839,5644, RT=10,00, adduct=null, intensity=10000000,0, score=2)
Scored 1 for annotations: Annotation(PG 34:0, mz=751,5484, RT=9,00, adduct=null, intensity=100000000,0, score=2) and Annotation(PC 34:0, mz=913,8220, RT=11,00, adduct=null, intensity=1000000,0, score=2)
Comparando: PG (0) vs PC (5)
Esta comprobacion da mal
Comparando: PI (2) vs PC (5)
Esta comprobacion da mal
Comparando: PG (0) vs PI (2)
Esta comprobacion da mal
]]></system-out>
  </testcase>
</testsuite>